{"name": "test_modify_title[Ayla 45-Ayla 45]", "status": "failed", "statusDetails": {"message": "AssertionError: 测试不通过\nassert 'Ayla 45' == 'Ayla45Ayla45Ayla4512'\n  - Ayla 45\n  + Ayla45Ayla45Ayla4512", "trace": "self = <Case.test_home.TestHome object at 0x10c1230b8>, name = 'Ayla 45'\nexpect_name = 'Ayla 45'\n\n    @pytest.mark.parametrize(\"name,expect_name\", [(\"Ayla45\", \"Ayla45\"),\n                                                  (\"Ayla 45\", \"Ayla 45\"),\n                                                  (\"Ayla_45\", \"Ayla_45\"),\n                                                  (\"Ayla45Ayla45Ayla45123\", \"Ayla45Ayla45Ayla4512\"),\n                                                   (\"艾拉-45\", \"艾拉-45\")])\n    def test_modify_title(self, name, expect_name):\n        # self.name = self.home.modify_title(name)\n        self.home.modify_title(name)\n        actual_name = self.home.get_home_name()\n>       assert expect_name == actual_name, \"测试不通过\"\nE       AssertionError: 测试不通过\nE       assert 'Ayla 45' == 'Ayla45Ayla45Ayla4512'\nE         - Ayla 45\nE         + Ayla45Ayla45Ayla4512\n\nCase/test_home.py:26: AssertionError"}, "parameters": [{"name": "name", "value": "'Ayla 45'"}, {"name": "expect_name", "value": "'Ayla 45'"}], "start": 1574061045487, "stop": 1574061058984, "uuid": "46fcdc53-6200-4f03-9136-5c981884f514", "historyId": "7377d2a3f6957116b4ff84b83487f86c", "testCaseId": "997ae8332b99cac9361d6e4d50e39dd6", "fullName": "Case.test_home.TestHome#test_modify_title", "labels": [{"name": "parentSuite", "value": "Case"}, {"name": "suite", "value": "test_home"}, {"name": "subSuite", "value": "TestHome"}, {"name": "host", "value": "ZTL.local"}, {"name": "thread", "value": "4015-MainThread"}, {"name": "framework", "value": "pytest"}, {"name": "language", "value": "cpython3"}, {"name": "package", "value": "Case.test_home"}]}