{
  "uid" : "978508f24144147d",
  "name" : "test_div",
  "fullName" : "Case.test_work.TestNum#test_div",
  "historyId" : "0fd3a14ddd883c8d929853dffccc43a3",
  "time" : {
    "start" : 1575085238470,
    "stop" : 1575085238471,
    "duration" : 1
  },
  "status" : "failed",
  "statusMessage" : "AssertionError: failed\nassert 1 == 7",
  "statusTrace" : "self = <Case.test_work.TestNum object at 0x106810438>\n\n    def test_div(self):\n        a = 3\n        b = 4\n        sum = b - a\n>       assert sum == 7, \"failed\"\nE       AssertionError: failed\nE       assert 1 == 7\n\nCase/test_work.py:15: AssertionError",
  "flaky" : false,
  "newFailed" : false,
  "beforeStages" : [ ],
  "afterStages" : [ ],
  "labels" : [ {
    "name" : "parentSuite",
    "value" : "Case"
  }, {
    "name" : "suite",
    "value" : "test_work"
  }, {
    "name" : "subSuite",
    "value" : "TestNum"
  }, {
    "name" : "host",
    "value" : "ZTL.local"
  }, {
    "name" : "thread",
    "value" : "1375-MainThread"
  }, {
    "name" : "framework",
    "value" : "pytest"
  }, {
    "name" : "language",
    "value" : "cpython3"
  }, {
    "name" : "package",
    "value" : "Case.test_work"
  }, {
    "name" : "resultFormat",
    "value" : "allure2"
  } ],
  "parameters" : [ ],
  "links" : [ ],
  "hidden" : false,
  "retry" : false,
  "extra" : {
    "severity" : "normal",
    "retries" : [ ],
    "categories" : [ {
      "name" : "Product defects",
      "matchedStatuses" : [ ],
      "flaky" : false
    } ],
    "tags" : [ ]
  },
  "source" : "978508f24144147d.json",
  "parameterValues" : [ ]
}