{
  "uid" : "aedb65cbe497d89f",
  "name" : "test_sub",
  "fullName" : "Case.test_work.TestNum#test_sub",
  "historyId" : "b7ae6474199f05a8e3157b7b0830b431",
  "time" : {
    "start" : 1575962893936,
    "stop" : 1575962893936,
    "duration" : 0
  },
  "status" : "failed",
  "statusMessage" : "AssertionError: failed\nassert 1 == 7",
  "statusTrace" : "self = <Case.test_work.TestNum object at 0x10bbc02e8>\n\n    def test_sub(self):\n        a = 3\n        b = 4\n        sum = b - a\n>       assert sum == 7, \"failed\"\nE       AssertionError: failed\nE       assert 1 == 7\n\nCase/test_work.py:27: AssertionError",
  "flaky" : false,
  "newFailed" : false,
  "beforeStages" : [ ],
  "afterStages" : [ ],
  "labels" : [ {
    "name" : "parentSuite",
    "value" : "Case"
  }, {
    "name" : "suite",
    "value" : "test_work"
  }, {
    "name" : "subSuite",
    "value" : "TestNum"
  }, {
    "name" : "host",
    "value" : "ZTL.local"
  }, {
    "name" : "thread",
    "value" : "17469-MainThread"
  }, {
    "name" : "framework",
    "value" : "pytest"
  }, {
    "name" : "language",
    "value" : "cpython3"
  }, {
    "name" : "package",
    "value" : "Case.test_work"
  }, {
    "name" : "resultFormat",
    "value" : "allure2"
  } ],
  "parameters" : [ ],
  "links" : [ ],
  "hidden" : false,
  "retry" : false,
  "extra" : {
    "severity" : "normal",
    "retries" : [ ],
    "categories" : [ {
      "name" : "Product defects",
      "matchedStatuses" : [ ],
      "flaky" : false
    } ],
    "tags" : [ ]
  },
  "source" : "aedb65cbe497d89f.json",
  "parameterValues" : [ ]
}